<?xml version="1.0" encoding="UTF-8"?>
<!-- Generated by org.testng.reporters.JUnitReportReporter -->
<testsuite hostname="cdc2-l-42864v1" failures="0" tests="1" name="us_01_TS_04.TC027" time="9.648" errors="0" timestamp="2025-07-15T23:19:16 IST" skipped="0">
  <testcase classname="us_01_TS_04.TC027" name="ProjectTC027" time="9.648"/>
  <system-out/>
</testsuite> <!-- us_01_TS_04.TC027 -->
