<?xml version="1.0" encoding="UTF-8"?>
<!-- Generated by org.testng.reporters.JUnitReportReporter -->
<testsuite hostname="cdc2-l-hy33qp3" failures="0" tests="1" name="us_001.TS14" time="3.043" errors="0" timestamp="2025-07-16T19:18:22 IST" skipped="0">
  <testcase classname="us_001.TS14" name="f" time="3.043"/>
</testsuite> <!-- us_001.TS14 -->
