<?xml version="1.0" encoding="UTF-8"?>
<!-- Generated by org.testng.reporters.JUnitReportReporter -->
<testsuite hostname="cdc2-l-42864v1" failures="0" tests="1" name="us_001.TS03" time="11.722" errors="0" timestamp="2025-07-13T22:23:30 IST" skipped="0">
  <testcase classname="us_001.TS03" name="f" time="11.722"/>
  <system-out/>
</testsuite> <!-- us_001.TS03 -->
