<?xml version="1.0" encoding="UTF-8"?>
<!-- Generated by org.testng.reporters.JUnitReportReporter -->
<testsuite hostname="cdc2-l-42864v1" failures="0" tests="1" name="us_001.TS01" time="24.428" errors="0" timestamp="2025-07-14T14:45:05 IST" skipped="0">
  <testcase classname="us_001.TS01" name="f" time="24.428"/>
  <system-out/>
</testsuite> <!-- us_001.TS01 -->
