<?xml version="1.0" encoding="UTF-8"?>
<!-- Generated by org.testng.reporters.JUnitReportReporter -->
<testsuite hostname="cdc2-l-428650r" failures="0" tests="1" name="us_001.TC12" time="10.357" errors="0" timestamp="2025-07-18T11:07:01 IST" skipped="0">
  <testcase classname="us_001.TC12" name="TC_083_TC084_VerifyMultiSelection" time="10.357"/>
  <system-out/>
</testsuite> <!-- us_001.TC12 -->
