<?xml version="1.0" encoding="UTF-8"?>
<!-- Generated by org.testng.reporters.JUnitReportReporter -->
<testsuite hostname="cdc2-l-42864v1" failures="0" tests="1" name="us_001.NewTest" time="16.511" errors="0" timestamp="2025-07-11T13:30:47 IST" skipped="0">
  <testcase classname="us_001.NewTest" name="f" time="16.511"/>
  <system-out/>
</testsuite> <!-- us_001.NewTest -->
