<?xml version="1.0" encoding="UTF-8"?>
<!-- Generated by org.testng.reporters.JUnitReportReporter -->
<testsuite hostname="cdc2-l-42864v1" failures="0" tests="1" name="us_01_TS_04.TC026" time="10.304" errors="0" timestamp="2025-07-15T17:34:48 IST" skipped="0">
  <testcase classname="us_01_TS_04.TC026" name="BaseLocationTC026" time="10.304"/>
  <system-out/>
</testsuite> <!-- us_01_TS_04.TC026 -->
