<?xml version="1.0" encoding="UTF-8"?>
<!-- Generated by org.testng.reporters.JUnitReportReporter -->
<testsuite hostname="cdc2-l-42864v1" failures="0" tests="8" name="us_001.TS04" time="57.915" errors="0" timestamp="2025-07-16T10:33:17 IST" skipped="0">
  <testcase classname="us_001.TS04" name="leavetype" time="9.633"/>
  <system-out/>
  <testcase classname="us_001.TS04" name="LeavetypeTC019" time="11.320"/>
  <system-out/>
  <testcase classname="us_001.TS04" name="backupcontactTC024" time="5.722"/>
  <system-out/>
  <testcase classname="us_001.TS04" name="NotifyToRecipientTC025" time="5.705"/>
  <system-out/>
  <testcase classname="us_001.TS04" name="BaseLocationTC026" time="5.659"/>
  <system-out/>
  <testcase classname="us_001.TS04" name="ProjectTC027" time="6.637"/>
  <system-out/>
  <testcase classname="us_001.TS04" name="TeamTC028" time="6.615"/>
  <system-out/>
  <testcase classname="us_001.TS04" name="LeaveStatusTC029" time="6.624"/>
  <system-out/>
</testsuite> <!-- us_001.TS04 -->
