<?xml version="1.0" encoding="UTF-8"?>
<!-- Generated by org.testng.reporters.JUnitReportReporter -->
<testsuite hostname="cdc2-l-42864v1" failures="0" tests="2" name="us_001.TS02" time="16.904" errors="0" timestamp="2025-07-15T10:49:24 IST" skipped="0">
  <testcase classname="us_001.TS02" name="f" time="16.763"/>
  <system-out/>
  <testcase classname="us_001.TS02" name="nonasterisks" time="0.141"/>
  <system-out/>
</testsuite> <!-- us_001.TS02 -->
