<?xml version="1.0" encoding="UTF-8"?>
<!-- Generated by org.testng.reporters.JUnitReportReporter -->
<testsuite hostname="cdc2-l-hy33qp3" failures="0" tests="1" name="us_001.TC16" time="29.311" errors="0" timestamp="2025-07-17T10:52:40 IST" skipped="0">
  <testcase classname="us_001.TC16" name="f" time="29.311"/>
</testsuite> <!-- us_001.TC16 -->
