<?xml version="1.0" encoding="UTF-8"?>
<!-- Generated by org.testng.reporters.JUnitReportReporter -->
<testsuite hostname="cdc2-l-42864v1" failures="0" tests="2" name="us_001.TS02" time="15.870" errors="0" timestamp="2025-07-13T21:52:05 IST" skipped="0">
  <testcase classname="us_001.TS02" name="f" time="15.782"/>
  <system-out/>
  <testcase classname="us_001.TS02" name="nonasterisks" time="0.088"/>
  <system-out/>
</testsuite> <!-- us_001.TS02 -->
