<?xml version="1.0" encoding="UTF-8"?>
<!-- Generated by org.testng.reporters.JUnitReportReporter -->
<testsuite hostname="cdc2-l-42864v1" failures="0" tests="1" name="us_001.TC_22" time="14.381" errors="0" timestamp="2025-07-15T15:49:59 IST" skipped="0">
  <testcase classname="us_001.TC_22" name="Leavetype" time="14.381"/>
  <system-out/>
</testsuite> <!-- us_001.TC_22 -->
