<?xml version="1.0" encoding="UTF-8"?>
<!-- Generated by org.testng.reporters.JUnitReportReporter -->
<testsuite hostname="cdc2-l-42864v1" failures="0" tests="1" name="main.NewTest3" time="2.529" errors="0" timestamp="2025-07-10T16:58:00 IST" skipped="0">
  <testcase classname="main.NewTest3" name="f" time="2.529"/>
  <system-out/>
</testsuite> <!-- main.NewTest3 -->
