<?xml version="1.0" encoding="UTF-8"?>
<!-- Generated by org.testng.reporters.JUnitReportReporter -->
<testsuite hostname="cdc2-l-hy33qp3" failures="0" tests="1" name="us_001.TC15" time="4.568" errors="0" timestamp="2025-07-16T19:35:20 IST" skipped="0">
  <testcase classname="us_001.TC15" name="f" time="4.568"/>
</testsuite> <!-- us_001.TC15 -->
