<?xml version="1.0" encoding="UTF-8"?>
<!-- Generated by org.testng.reporters.JUnitReportReporter -->
<testsuite hostname="cdc2-l-428650r" failures="0" tests="1" name="us_001.TC11" time="9.483" errors="0" timestamp="2025-07-18T01:19:58 IST" skipped="0">
  <testcase classname="us_001.TC11" name="verifyDateFormatAndManualEntry" time="9.483"/>
  <system-out/>
</testsuite> <!-- us_001.TC11 -->
