<?xml version="1.0" encoding="UTF-8"?>
<!-- Generated by org.testng.reporters.JUnitReportReporter -->
<testsuite hostname="cdc2-l-hy33qp3" failures="0" tests="1" name="us_001.TC17" time="11.384" errors="0" timestamp="2025-07-17T11:01:51 IST" skipped="0">
  <testcase classname="us_001.TC17" name="f" time="11.384"/>
</testsuite> <!-- us_001.TC17 -->
