<?xml version="1.0" encoding="UTF-8"?>
<!-- Generated by org.testng.reporters.JUnitReportReporter -->
<testsuite hostname="cdc2-l-42864v1" failures="0" tests="2" name="us_001.TS04" time="21.349" errors="0" timestamp="2025-07-15T10:46:53 IST" skipped="0">
  <testcase classname="us_001.TS04" name="leavetype" time="6.848"/>
  <system-out/>
  <testcase classname="us_001.TS04" name="f" time="14.501"/>
  <system-out/>
</testsuite> <!-- us_001.TS04 -->
