<?xml version="1.0" encoding="UTF-8"?>
<!-- Generated by org.testng.reporters.JUnitReportReporter -->
<testsuite hostname="cdc2-l-42864v1" failures="0" tests="1" name="us_01_TS_04.TC028" time="5.826" errors="0" timestamp="2025-07-15T19:46:41 IST" skipped="0">
  <testcase classname="us_01_TS_04.TC028" name="ProjectTC027" time="5.826"/>
  <system-out/>
</testsuite> <!-- us_01_TS_04.TC028 -->
