<?xml version="1.0" encoding="UTF-8"?>
<!-- Generated by org.testng.reporters.JUnitReportReporter -->
<testsuite hostname="cdc2-l-42864v1" failures="0" tests="1" name="us_01_TS_04.TC020" time="12.204" errors="0" timestamp="2025-07-15T22:49:46 IST" skipped="0">
  <testcase classname="us_01_TS_04.TC020" name="ddleavetype" time="12.204"/>
  <system-out/>
</testsuite> <!-- us_01_TS_04.TC020 -->
